<?xml version="1.0" encoding="UTF-8"?>
<!-- Generated by org.testng.reporters.JUnitReportReporter -->
<testsuite hostname="Lance" name="com.biz.jnc.test.NewTest" tests="1" failures="0" timestamp="27 Jan 2016 07:35:23 GMT" time="0.730" errors="0">
  <testcase name="login" time="0.730" classname="com.biz.jnc.test.NewTest"/>
</testsuite> <!-- com.biz.jnc.test.NewTest -->
